[13:39:01] [WARN] Crucible entry for Oak Sapling with meta 0 already exists, skipping.
[13:39:01] [WARN] Crucible entry for Spruce Sapling with meta 1 already exists, skipping.
[13:39:01] [WARN] Crucible entry for Birch Sapling with meta 2 already exists, skipping.
[13:39:01] [WARN] Crucible entry for Jungle Sapling with meta 3 already exists, skipping.
[13:39:01] [WARN] Crucible entry for Acacia Sapling with meta 4 already exists, skipping.
[13:39:01] [WARN] Crucible entry for Dark Oak Sapling with meta 5 already exists, skipping.
[13:39:01] [WARN] Crucible entry for Apple with meta 0 already exists, skipping.
[13:40:09] [INFO] ModConfig Loaded: true
[13:40:09] [INFO] JEI: Compost Recipe Pages Loaded:         2
[13:40:09] [INFO] JEI: Fluid Item Transform Recipes Loaded:       24
[13:40:09] [INFO] JEI: Fluid On Top Recipes Loaded:       2
[13:40:09] [INFO] JEI: Fluid Transform Recipes Loaded:    1
[13:40:09] [INFO] JEI: Hammer Recipes Loaded:             47
[13:40:09] [INFO] JEI: Crook Recipes Loaded:              0
[13:40:09] [INFO] JEI: Heat Sources Loaded:             110
[13:40:09] [INFO] JEI: Sieve Recipes Loaded:              11
[13:40:09] [INFO] JEI: Stone Crucible Recipes Loaded:       1
[13:40:09] [INFO] JEI: Wood Crucible Recipes Loaded:        1
[13:40:09] [INFO] Registered Crook Catalyst: enderio:item_dark_steel_crook
[13:40:09] [INFO] Registered Hammer Catalyst: exnihilocreatio:hammer_wood
[13:40:09] [INFO] Registered Hammer Catalyst: exnihilocreatio:hammer_stone
[13:40:09] [INFO] Registered Hammer Catalyst: exnihilocreatio:hammer_iron
[13:40:09] [INFO] Registered Hammer Catalyst: exnihilocreatio:hammer_diamond
[13:40:09] [INFO] Registered Hammer Catalyst: exnihilocreatio:hammer_gold
[13:40:09] [INFO] Registered Crook Catalyst: exnihilocreatio:crook_wood
[13:40:09] [INFO] Registered Crook Catalyst: exnihilocreatio:crook_stone
[13:40:09] [INFO] Registered Crook Catalyst: exnihilocreatio:crook_andesite
[13:40:09] [INFO] Registered Crook Catalyst: exnihilocreatio:crook_granite
[13:40:09] [INFO] Registered Crook Catalyst: exnihilocreatio:crook_diorite
[13:40:09] [INFO] Registered Crook Catalyst: exnihilocreatio:crook_gold
[13:40:09] [INFO] Registered Crook Catalyst: exnihilocreatio:crook_iron
[13:40:09] [INFO] Registered Crook Catalyst: exnihilocreatio:crook_diamond
[13:40:09] [INFO] Registered Crook Catalyst: exnihilocreatio:crook_bone
[13:40:09] [INFO] Registered Crook Catalyst: exnihilocreatio:crook_clay_uncooked
[13:40:09] [INFO] Registered Crook Catalyst: exnihilocreatio:crook_clay
[13:40:09] [INFO] Registered Crook Catalyst: exnihilocreatio:crook_prismarine
[13:40:09] [INFO] Registered Crook Catalyst: exnihilocreatio:crook_netherrack
[13:40:09] [INFO] Registered Crook Catalyst: exnihilocreatio:crook_purpur
[13:40:09] [INFO] Registered Crook Catalyst: exnihilocreatio:crook_blaze
[13:40:09] [INFO] Registered Crook Catalyst: exnihilocreatio:crook_tconstruct
[13:40:09] [INFO] Registered Crook Catalyst: excompressum:compressed_crook
[13:40:09] [INFO] Registered Hammer Catalyst: tcomplement:sledge_hammer
