[00:41:08] [WARN] Crucible entry for Oak Sapling with meta 0 already exists, skipping.
[00:41:08] [WARN] Crucible entry for Spruce Sapling with meta 1 already exists, skipping.
[00:41:08] [WARN] Crucible entry for Birch Sapling with meta 2 already exists, skipping.
[00:41:08] [WARN] Crucible entry for Jungle Sapling with meta 3 already exists, skipping.
[00:41:08] [WARN] Crucible entry for Acacia Sapling with meta 4 already exists, skipping.
[00:41:08] [WARN] Crucible entry for Dark Oak Sapling with meta 5 already exists, skipping.
[00:41:08] [WARN] Crucible entry for Apple with meta 0 already exists, skipping.
[00:42:06] [INFO] ModConfig Loaded: true
[00:42:06] [INFO] JEI: Compost Recipe Pages Loaded:         2
[00:42:06] [INFO] JEI: Fluid Item Transform Recipes Loaded:       24
[00:42:06] [INFO] JEI: Fluid On Top Recipes Loaded:       2
[00:42:06] [INFO] JEI: Fluid Transform Recipes Loaded:    1
[00:42:06] [INFO] JEI: Hammer Recipes Loaded:             44
[00:42:06] [INFO] JEI: Crook Recipes Loaded:              0
[00:42:06] [INFO] JEI: Heat Sources Loaded:             110
[00:42:06] [INFO] JEI: Sieve Recipes Loaded:              11
[00:42:06] [INFO] JEI: Stone Crucible Recipes Loaded:       1
[00:42:06] [INFO] JEI: Wood Crucible Recipes Loaded:        1
[00:42:06] [INFO] Registered Crook Catalyst: enderio:item_dark_steel_crook
[00:42:06] [INFO] Registered Hammer Catalyst: exnihilocreatio:hammer_wood
[00:42:06] [INFO] Registered Hammer Catalyst: exnihilocreatio:hammer_stone
[00:42:06] [INFO] Registered Hammer Catalyst: exnihilocreatio:hammer_iron
[00:42:06] [INFO] Registered Hammer Catalyst: exnihilocreatio:hammer_diamond
[00:42:06] [INFO] Registered Hammer Catalyst: exnihilocreatio:hammer_gold
[00:42:06] [INFO] Registered Crook Catalyst: exnihilocreatio:crook_wood
[00:42:06] [INFO] Registered Crook Catalyst: exnihilocreatio:crook_stone
[00:42:06] [INFO] Registered Crook Catalyst: exnihilocreatio:crook_andesite
[00:42:06] [INFO] Registered Crook Catalyst: exnihilocreatio:crook_granite
[00:42:06] [INFO] Registered Crook Catalyst: exnihilocreatio:crook_diorite
[00:42:06] [INFO] Registered Crook Catalyst: exnihilocreatio:crook_gold
[00:42:06] [INFO] Registered Crook Catalyst: exnihilocreatio:crook_iron
[00:42:06] [INFO] Registered Crook Catalyst: exnihilocreatio:crook_diamond
[00:42:06] [INFO] Registered Crook Catalyst: exnihilocreatio:crook_bone
[00:42:06] [INFO] Registered Crook Catalyst: exnihilocreatio:crook_clay_uncooked
[00:42:06] [INFO] Registered Crook Catalyst: exnihilocreatio:crook_clay
[00:42:06] [INFO] Registered Crook Catalyst: exnihilocreatio:crook_prismarine
[00:42:06] [INFO] Registered Crook Catalyst: exnihilocreatio:crook_netherrack
[00:42:06] [INFO] Registered Crook Catalyst: exnihilocreatio:crook_purpur
[00:42:06] [INFO] Registered Crook Catalyst: exnihilocreatio:crook_blaze
[00:42:06] [INFO] Registered Crook Catalyst: exnihilocreatio:crook_tconstruct
[00:42:06] [INFO] Registered Crook Catalyst: excompressum:compressed_crook
[00:42:06] [INFO] Registered Hammer Catalyst: tcomplement:sledge_hammer
