[17:38:11] [WARN] Crucible entry for Oak Sapling with meta 0 already exists, skipping.
[17:38:11] [WARN] Crucible entry for Spruce Sapling with meta 1 already exists, skipping.
[17:38:11] [WARN] Crucible entry for Birch Sapling with meta 2 already exists, skipping.
[17:38:11] [WARN] Crucible entry for Jungle Sapling with meta 3 already exists, skipping.
[17:38:11] [WARN] Crucible entry for Acacia Sapling with meta 4 already exists, skipping.
[17:38:11] [WARN] Crucible entry for Dark Oak Sapling with meta 5 already exists, skipping.
[17:38:11] [WARN] Crucible entry for Apple with meta 0 already exists, skipping.
[17:39:01] [INFO] ModConfig Loaded: true
[17:39:01] [INFO] JEI: Compost Recipe Pages Loaded:         2
[17:39:01] [INFO] JEI: Fluid Item Transform Recipes Loaded:       24
[17:39:01] [INFO] JEI: Fluid On Top Recipes Loaded:       2
[17:39:01] [INFO] JEI: Fluid Transform Recipes Loaded:    1
[17:39:01] [INFO] JEI: Hammer Recipes Loaded:             43
[17:39:01] [INFO] JEI: Crook Recipes Loaded:              1
[17:39:01] [INFO] JEI: Heat Sources Loaded:             108
[17:39:01] [INFO] JEI: Sieve Recipes Loaded:              57
[17:39:01] [INFO] JEI: Stone Crucible Recipes Loaded:       1
[17:39:01] [INFO] JEI: Wood Crucible Recipes Loaded:        1
[17:39:01] [INFO] Registered Crook Catalyst: enderio:item_dark_steel_crook
[17:39:01] [INFO] Registered Hammer Catalyst: exnihilocreatio:hammer_wood
[17:39:01] [INFO] Registered Hammer Catalyst: exnihilocreatio:hammer_stone
[17:39:01] [INFO] Registered Hammer Catalyst: exnihilocreatio:hammer_iron
[17:39:01] [INFO] Registered Hammer Catalyst: exnihilocreatio:hammer_diamond
[17:39:01] [INFO] Registered Hammer Catalyst: exnihilocreatio:hammer_gold
[17:39:01] [INFO] Registered Crook Catalyst: exnihilocreatio:crook_wood
[17:39:01] [INFO] Registered Crook Catalyst: exnihilocreatio:crook_stone
[17:39:01] [INFO] Registered Crook Catalyst: exnihilocreatio:crook_andesite
[17:39:01] [INFO] Registered Crook Catalyst: exnihilocreatio:crook_granite
[17:39:01] [INFO] Registered Crook Catalyst: exnihilocreatio:crook_diorite
[17:39:01] [INFO] Registered Crook Catalyst: exnihilocreatio:crook_gold
[17:39:01] [INFO] Registered Crook Catalyst: exnihilocreatio:crook_iron
[17:39:01] [INFO] Registered Crook Catalyst: exnihilocreatio:crook_diamond
[17:39:01] [INFO] Registered Crook Catalyst: exnihilocreatio:crook_bone
[17:39:01] [INFO] Registered Crook Catalyst: exnihilocreatio:crook_clay_uncooked
[17:39:01] [INFO] Registered Crook Catalyst: exnihilocreatio:crook_clay
[17:39:01] [INFO] Registered Crook Catalyst: exnihilocreatio:crook_prismarine
[17:39:01] [INFO] Registered Crook Catalyst: exnihilocreatio:crook_netherrack
[17:39:01] [INFO] Registered Crook Catalyst: exnihilocreatio:crook_purpur
[17:39:01] [INFO] Registered Crook Catalyst: exnihilocreatio:crook_blaze
[17:39:01] [INFO] Registered Crook Catalyst: exnihilocreatio:crook_tconstruct
[17:39:01] [INFO] Registered Crook Catalyst: excompressum:compressed_crook
[17:39:01] [INFO] Registered Hammer Catalyst: tcomplement:sledge_hammer
