[03:46:09] [WARN] Crucible entry for Oak Sapling with meta 0 already exists, skipping.
[03:46:09] [WARN] Crucible entry for Spruce Sapling with meta 1 already exists, skipping.
[03:46:09] [WARN] Crucible entry for Birch Sapling with meta 2 already exists, skipping.
[03:46:09] [WARN] Crucible entry for Jungle Sapling with meta 3 already exists, skipping.
[03:46:09] [WARN] Crucible entry for Acacia Sapling with meta 4 already exists, skipping.
[03:46:09] [WARN] Crucible entry for Dark Oak Sapling with meta 5 already exists, skipping.
[03:46:09] [WARN] Crucible entry for Apple with meta 0 already exists, skipping.
[03:46:54] [INFO] ModConfig Loaded: true
[03:46:54] [INFO] JEI: Compost Recipe Pages Loaded:         2
[03:46:54] [INFO] JEI: Fluid Item Transform Recipes Loaded:       24
[03:46:54] [INFO] JEI: Fluid On Top Recipes Loaded:       2
[03:46:54] [INFO] JEI: Fluid Transform Recipes Loaded:    1
[03:46:54] [INFO] JEI: Hammer Recipes Loaded:             43
[03:46:54] [INFO] JEI: Crook Recipes Loaded:              1
[03:46:54] [INFO] JEI: Heat Sources Loaded:             108
[03:46:54] [INFO] JEI: Sieve Recipes Loaded:              57
[03:46:54] [INFO] JEI: Stone Crucible Recipes Loaded:       1
[03:46:54] [INFO] JEI: Wood Crucible Recipes Loaded:        1
[03:46:54] [INFO] Registered Crook Catalyst: enderio:item_dark_steel_crook
[03:46:54] [INFO] Registered Hammer Catalyst: exnihilocreatio:hammer_wood
[03:46:54] [INFO] Registered Hammer Catalyst: exnihilocreatio:hammer_stone
[03:46:54] [INFO] Registered Hammer Catalyst: exnihilocreatio:hammer_iron
[03:46:54] [INFO] Registered Hammer Catalyst: exnihilocreatio:hammer_diamond
[03:46:54] [INFO] Registered Hammer Catalyst: exnihilocreatio:hammer_gold
[03:46:54] [INFO] Registered Crook Catalyst: exnihilocreatio:crook_wood
[03:46:54] [INFO] Registered Crook Catalyst: exnihilocreatio:crook_stone
[03:46:54] [INFO] Registered Crook Catalyst: exnihilocreatio:crook_andesite
[03:46:54] [INFO] Registered Crook Catalyst: exnihilocreatio:crook_granite
[03:46:54] [INFO] Registered Crook Catalyst: exnihilocreatio:crook_diorite
[03:46:54] [INFO] Registered Crook Catalyst: exnihilocreatio:crook_gold
[03:46:54] [INFO] Registered Crook Catalyst: exnihilocreatio:crook_iron
[03:46:54] [INFO] Registered Crook Catalyst: exnihilocreatio:crook_diamond
[03:46:54] [INFO] Registered Crook Catalyst: exnihilocreatio:crook_bone
[03:46:54] [INFO] Registered Crook Catalyst: exnihilocreatio:crook_clay_uncooked
[03:46:54] [INFO] Registered Crook Catalyst: exnihilocreatio:crook_clay
[03:46:54] [INFO] Registered Crook Catalyst: exnihilocreatio:crook_prismarine
[03:46:54] [INFO] Registered Crook Catalyst: exnihilocreatio:crook_netherrack
[03:46:54] [INFO] Registered Crook Catalyst: exnihilocreatio:crook_purpur
[03:46:54] [INFO] Registered Crook Catalyst: exnihilocreatio:crook_blaze
[03:46:54] [INFO] Registered Crook Catalyst: exnihilocreatio:crook_tconstruct
[03:46:54] [INFO] Registered Crook Catalyst: excompressum:compressed_crook
[03:46:54] [INFO] Registered Hammer Catalyst: tcomplement:sledge_hammer
