[22:40:06] [WARN] Crucible entry for Oak Sapling with meta 0 already exists, skipping.
[22:40:06] [WARN] Crucible entry for Spruce Sapling with meta 1 already exists, skipping.
[22:40:06] [WARN] Crucible entry for Birch Sapling with meta 2 already exists, skipping.
[22:40:06] [WARN] Crucible entry for Jungle Sapling with meta 3 already exists, skipping.
[22:40:06] [WARN] Crucible entry for Acacia Sapling with meta 4 already exists, skipping.
[22:40:06] [WARN] Crucible entry for Dark Oak Sapling with meta 5 already exists, skipping.
[22:40:06] [WARN] Crucible entry for Apple with meta 0 already exists, skipping.
[22:41:09] [INFO] ModConfig Loaded: true
[22:41:09] [INFO] JEI: Compost Recipe Pages Loaded:         2
[22:41:09] [INFO] JEI: Fluid Item Transform Recipes Loaded:       24
[22:41:09] [INFO] JEI: Fluid On Top Recipes Loaded:       2
[22:41:09] [INFO] JEI: Fluid Transform Recipes Loaded:    1
[22:41:09] [INFO] JEI: Hammer Recipes Loaded:             44
[22:41:09] [INFO] JEI: Crook Recipes Loaded:              0
[22:41:09] [INFO] JEI: Heat Sources Loaded:             110
[22:41:09] [INFO] JEI: Sieve Recipes Loaded:              11
[22:41:09] [INFO] JEI: Stone Crucible Recipes Loaded:       1
[22:41:09] [INFO] JEI: Wood Crucible Recipes Loaded:        1
[22:41:09] [INFO] Registered Crook Catalyst: enderio:item_dark_steel_crook
[22:41:09] [INFO] Registered Hammer Catalyst: exnihilocreatio:hammer_wood
[22:41:09] [INFO] Registered Hammer Catalyst: exnihilocreatio:hammer_stone
[22:41:09] [INFO] Registered Hammer Catalyst: exnihilocreatio:hammer_iron
[22:41:09] [INFO] Registered Hammer Catalyst: exnihilocreatio:hammer_diamond
[22:41:09] [INFO] Registered Hammer Catalyst: exnihilocreatio:hammer_gold
[22:41:09] [INFO] Registered Crook Catalyst: exnihilocreatio:crook_wood
[22:41:09] [INFO] Registered Crook Catalyst: exnihilocreatio:crook_stone
[22:41:09] [INFO] Registered Crook Catalyst: exnihilocreatio:crook_andesite
[22:41:09] [INFO] Registered Crook Catalyst: exnihilocreatio:crook_granite
[22:41:09] [INFO] Registered Crook Catalyst: exnihilocreatio:crook_diorite
[22:41:09] [INFO] Registered Crook Catalyst: exnihilocreatio:crook_gold
[22:41:09] [INFO] Registered Crook Catalyst: exnihilocreatio:crook_iron
[22:41:09] [INFO] Registered Crook Catalyst: exnihilocreatio:crook_diamond
[22:41:09] [INFO] Registered Crook Catalyst: exnihilocreatio:crook_bone
[22:41:09] [INFO] Registered Crook Catalyst: exnihilocreatio:crook_clay_uncooked
[22:41:09] [INFO] Registered Crook Catalyst: exnihilocreatio:crook_clay
[22:41:09] [INFO] Registered Crook Catalyst: exnihilocreatio:crook_prismarine
[22:41:09] [INFO] Registered Crook Catalyst: exnihilocreatio:crook_netherrack
[22:41:09] [INFO] Registered Crook Catalyst: exnihilocreatio:crook_purpur
[22:41:09] [INFO] Registered Crook Catalyst: exnihilocreatio:crook_blaze
[22:41:09] [INFO] Registered Crook Catalyst: exnihilocreatio:crook_tconstruct
[22:41:09] [INFO] Registered Crook Catalyst: excompressum:compressed_crook
[22:41:09] [INFO] Registered Hammer Catalyst: tcomplement:sledge_hammer
